<?xml version="1.0" encoding="UTF-8"?>
<!-- Generated by org.testng.reporters.JUnitXMLReporter -->
<testsuite ignored="0" hostname="LAPTOP-1UI649LK" failures="0" tests="10" name="Test" time="9.455" errors="0" timestamp="26 Feb 2025 10:46:39 GMT">
  <testcase classname="com.testingfiles.Postman1" name="tc1" time="2.547"/>
  <testcase classname="com.testingfiles.Postman2" name="tc2" time="0.778"/>
  <testcase classname="com.testingfiles.Postman3" name="tc3" time="0.568"/>
  <testcase classname="com.testingfiles.Postman4" name="tc4" time="0.574"/>
  <testcase classname="com.testingfiles.Postman5" name="tc5" time="0.661"/>
  <testcase classname="com.testingfiles.Postman6" name="tc6" time="1.651"/>
  <testcase classname="com.testingfiles.Postman7" name="tc7" time="0.519"/>
  <testcase classname="com.testingfiles.Postman8" name="tc8" time="0.722"/>
  <testcase classname="com.testingfiles.Postman9" name="tc9" time="0.783"/>
  <testcase classname="com.testingfiles.Postman10" name="tc10" time="0.609"/>
</testsuite> <!-- Test -->
